Checking whether the ASM compiler is GNU using "--version" did not match "(GNU assembler)|(GCC)|(Free Software Foundation)":
Microsoft (R) C/C++ Optimizing Compiler Versão 19.29.30154 para x64
Copyright (C) Microsoft Corporation. Todos os direitos reservados.

cl : Linha de comando warning D9002 : ignorando opção desconhecida '--version'
cl : Linha de comando error D8003 : faltando nome de arquivo fonte
Checking whether the ASM compiler is Clang using "--version" did not match "(clang version)":
Microsoft (R) C/C++ Optimizing Compiler Versão 19.29.30154 para x64
Copyright (C) Microsoft Corporation. Todos os direitos reservados.

cl : Linha de comando warning D9002 : ignorando opção desconhecida '--version'
cl : Linha de comando error D8003 : faltando nome de arquivo fonte
Checking whether the ASM compiler is AppleClang using "--version" did not match "(Apple LLVM version)":
Microsoft (R) C/C++ Optimizing Compiler Versão 19.29.30154 para x64
Copyright (C) Microsoft Corporation. Todos os direitos reservados.

cl : Linha de comando warning D9002 : ignorando opção desconhecida '--version'
cl : Linha de comando error D8003 : faltando nome de arquivo fonte
Checking whether the ASM compiler is ARMClang using "--version" did not match "armclang":
Microsoft (R) C/C++ Optimizing Compiler Versão 19.29.30154 para x64
Copyright (C) Microsoft Corporation. Todos os direitos reservados.

cl : Linha de comando warning D9002 : ignorando opção desconhecida '--version'
cl : Linha de comando error D8003 : faltando nome de arquivo fonte
Checking whether the ASM compiler is HP using "-V" did not match "HP C":
Microsoft (R) C/C++ Optimizing Compiler Versão 19.29.30154 para x64
Copyright (C) Microsoft Corporation. Todos os direitos reservados.

cl : Linha de comando error D8004 : '/V' requer um argumento
Checking whether the ASM compiler is Intel using "--version" did not match "(ICC)":
Microsoft (R) C/C++ Optimizing Compiler Versão 19.29.30154 para x64
Copyright (C) Microsoft Corporation. Todos os direitos reservados.

cl : Linha de comando warning D9002 : ignorando opção desconhecida '--version'
cl : Linha de comando error D8003 : faltando nome de arquivo fonte
Checking whether the ASM compiler is IntelLLVM using "--version" did not match "(Intel[^
]+oneAPI)":
Microsoft (R) C/C++ Optimizing Compiler Versão 19.29.30154 para x64
Copyright (C) Microsoft Corporation. Todos os direitos reservados.

cl : Linha de comando warning D9002 : ignorando opção desconhecida '--version'
cl : Linha de comando error D8003 : faltando nome de arquivo fonte
Checking whether the ASM compiler is SunPro using "-V" did not match "Sun C":
Microsoft (R) C/C++ Optimizing Compiler Versão 19.29.30154 para x64
Copyright (C) Microsoft Corporation. Todos os direitos reservados.

cl : Linha de comando error D8004 : '/V' requer um argumento
Checking whether the ASM compiler is XL using "-qversion" did not match "XL C":
Microsoft (R) C/C++ Optimizing Compiler Versão 19.29.30154 para x64
Copyright (C) Microsoft Corporation. Todos os direitos reservados.

cl : Linha de comando warning D9002 : ignorando opção desconhecida '-qversion'
cl : Linha de comando error D8003 : faltando nome de arquivo fonte
